TN:
SF:src/config/index.js
FNF:0
FNH:0
DA:4,1
DA:5,1
DA:7,0
DA:10,1
DA:67,1
DA:72,1
DA:73,2
DA:74,0
LF:8
LH:6
BRDA:4,0,0,1
BRDA:4,0,1,0
BRDA:13,1,0,1
BRDA:13,1,1,0
BRDA:14,2,0,1
BRDA:14,2,1,0
BRDA:15,3,0,1
BRDA:15,3,1,0
BRDA:20,4,0,1
BRDA:20,4,1,0
BRDA:21,5,0,1
BRDA:21,5,1,0
BRDA:22,6,0,1
BRDA:22,6,1,0
BRDA:30,7,0,1
BRDA:30,7,1,1
BRDA:31,8,0,1
BRDA:31,8,1,1
BRDA:44,9,0,1
BRDA:44,9,1,0
BRDA:46,10,0,1
BRDA:46,10,1,0
BRDA:47,11,0,1
BRDA:47,11,1,0
BRDA:48,12,0,1
BRDA:48,12,1,0
BRDA:54,13,0,1
BRDA:54,13,1,0
BRDA:55,14,0,1
BRDA:55,14,1,1
BRDA:56,15,0,1
BRDA:56,15,1,0
BRDA:62,16,0,1
BRDA:62,16,1,0
BRDA:73,17,0,0
BRDA:73,17,1,2
BRF:36
BRH:21
end_of_record
TN:
SF:src/controllers/authController.js
FN:9,(anonymous_0)
FN:58,(anonymous_1)
FN:93,(anonymous_2)
FN:139,(anonymous_3)
FN:172,(anonymous_4)
FN:202,(anonymous_5)
FN:244,(anonymous_6)
FN:274,(anonymous_7)
FN:322,(anonymous_8)
FNF:9
FNH:1
FNDA:1,(anonymous_0)
FNDA:0,(anonymous_1)
FNDA:0,(anonymous_2)
FNDA:0,(anonymous_3)
FNDA:0,(anonymous_4)
FNDA:0,(anonymous_5)
FNDA:0,(anonymous_6)
FNDA:0,(anonymous_7)
FNDA:0,(anonymous_8)
DA:5,1
DA:10,1
DA:11,1
DA:13,1
DA:14,0
DA:21,1
DA:22,1
DA:23,1
DA:30,0
DA:31,0
DA:33,0
DA:35,0
DA:50,0
DA:51,0
DA:59,0
DA:60,0
DA:62,0
DA:63,0
DA:69,0
DA:71,0
DA:81,0
DA:82,0
DA:94,0
DA:95,0
DA:97,0
DA:98,0
DA:104,0
DA:105,0
DA:107,0
DA:108,0
DA:117,0
DA:119,0
DA:131,0
DA:132,0
DA:140,0
DA:141,0
DA:143,0
DA:144,0
DA:150,0
DA:152,0
DA:157,0
DA:158,0
DA:164,0
DA:165,0
DA:173,0
DA:174,0
DA:176,0
DA:177,0
DA:183,0
DA:185,0
DA:194,0
DA:195,0
DA:203,0
DA:204,0
DA:206,0
DA:207,0
DA:214,0
DA:215,0
DA:216,0
DA:222,0
DA:224,0
DA:226,0
DA:236,0
DA:237,0
DA:245,0
DA:246,0
DA:248,0
DA:249,0
DA:255,0
DA:257,0
DA:266,0
DA:267,0
DA:275,0
DA:276,0
DA:277,0
DA:283,0
DA:286,0
DA:287,0
DA:288,0
DA:295,0
DA:297,0
DA:314,0
DA:315,0
DA:323,0
DA:324,0
DA:343,0
DA:344,0
LF:87
LH:7
BRDA:13,0,0,0
BRDA:13,0,1,1
BRDA:22,1,0,1
BRDA:22,1,1,0
BRDA:62,2,0,0
BRDA:62,2,1,0
BRDA:97,3,0,0
BRDA:97,3,1,0
BRDA:97,4,0,0
BRDA:97,4,1,0
BRDA:107,5,0,0
BRDA:107,5,1,0
BRDA:143,6,0,0
BRDA:143,6,1,0
BRDA:157,7,0,0
BRDA:157,7,1,0
BRDA:176,8,0,0
BRDA:176,8,1,0
BRDA:206,9,0,0
BRDA:206,9,1,0
BRDA:215,10,0,0
BRDA:215,10,1,0
BRDA:246,11,0,0
BRDA:246,11,1,0
BRDA:248,12,0,0
BRDA:248,12,1,0
BRDA:276,13,0,0
BRDA:276,13,1,0
BRDA:287,14,0,0
BRDA:287,14,1,0
BRDA:301,15,0,0
BRDA:301,15,1,0
BRF:32
BRH:2
end_of_record
TN:
SF:src/controllers/businessCaseController.js
FN:6,(anonymous_0)
FN:175,(anonymous_1)
FN:217,(anonymous_2)
FN:247,(anonymous_3)
FN:279,(anonymous_4)
FN:327,(anonymous_5)
FN:366,(anonymous_6)
FN:412,(anonymous_7)
FN:426,(anonymous_8)
FN:442,(anonymous_9)
FN:445,(anonymous_10)
FN:466,calculateExpectedROI
FN:474,calculateProjectedBenefits
FN:489,calculatePaybackPeriod
FN:493,generateImplementationPhases
FN:509,generateMilestones
FN:524,generateRiskMitigation
FN:538,generateMeasurementPlan
FN:546,generateNextSteps
FNF:19
FNH:0
FNDA:0,(anonymous_0)
FNDA:0,(anonymous_1)
FNDA:0,(anonymous_2)
FNDA:0,(anonymous_3)
FNDA:0,(anonymous_4)
FNDA:0,(anonymous_5)
FNDA:0,(anonymous_6)
FNDA:0,(anonymous_7)
FNDA:0,(anonymous_8)
FNDA:0,(anonymous_9)
FNDA:0,(anonymous_10)
FNDA:0,calculateExpectedROI
FNDA:0,calculateProjectedBenefits
FNDA:0,calculatePaybackPeriod
FNDA:0,generateImplementationPhases
FNDA:0,generateMilestones
FNDA:0,generateRiskMitigation
FNDA:0,generateMeasurementPlan
FNDA:0,generateNextSteps
DA:4,1
DA:7,0
DA:17,0
DA:19,0
DA:22,0
DA:23,0
DA:24,0
DA:32,0
DA:69,0
DA:72,0
DA:87,0
DA:109,0
DA:146,0
DA:153,0
DA:162,0
DA:164,0
DA:169,0
DA:170,0
DA:176,0
DA:177,0
DA:179,0
DA:181,0
DA:183,0
DA:184,0
DA:191,0
DA:192,0
DA:193,0
DA:194,0
DA:196,0
DA:197,0
DA:201,0
DA:211,0
DA:212,0
DA:218,0
DA:219,0
DA:221,0
DA:222,0
DA:223,0
DA:229,0
DA:230,0
DA:231,0
DA:232,0
DA:234,0
DA:238,0
DA:239,0
DA:246,0
DA:247,0
DA:248,0
DA:249,0
DA:250,0
DA:252,0
DA:256,0
DA:258,0
DA:262,0
DA:273,0
DA:274,0
DA:280,0
DA:281,0
DA:283,0
DA:284,0
DA:285,0
DA:291,0
DA:292,0
DA:294,0
DA:295,0
DA:296,0
DA:298,0
DA:302,0
DA:308,0
DA:312,0
DA:321,0
DA:322,0
DA:328,0
DA:329,0
DA:331,0
DA:332,0
DA:333,0
DA:339,0
DA:340,0
DA:346,0
DA:347,0
DA:349,0
DA:360,0
DA:361,0
DA:367,0
DA:368,0
DA:370,0
DA:411,0
DA:412,0
DA:415,0
DA:420,0
DA:421,0
DA:427,0
DA:428,0
DA:430,0
DA:431,0
DA:432,0
DA:438,0
DA:439,0
DA:440,0
DA:441,0
DA:442,0
DA:445,0
DA:447,0
DA:451,0
DA:459,0
DA:460,0
DA:467,0
DA:471,0
DA:475,0
DA:483,0
DA:484,0
DA:486,0
DA:490,0
DA:494,0
DA:495,0
DA:501,0
DA:510,0
DA:511,0
DA:513,0
DA:514,0
DA:521,0
DA:525,0
DA:531,0
DA:532,0
DA:535,0
DA:539,0
DA:547,0
DA:548,0
DA:555,0
LF:130
LH:1
BRDA:23,0,0,0
BRDA:23,0,1,0
BRDA:119,1,0,0
BRDA:119,1,1,0
BRDA:183,2,0,0
BRDA:183,2,1,0
BRDA:192,3,0,0
BRDA:192,3,1,0
BRDA:222,4,0,0
BRDA:222,4,1,0
BRDA:230,5,0,0
BRDA:230,5,1,0
BRDA:238,6,0,0
BRDA:238,6,1,0
BRDA:248,7,0,0
BRDA:248,7,1,0
BRDA:250,8,0,0
BRDA:250,8,1,0
BRDA:284,9,0,0
BRDA:284,9,1,0
BRDA:294,10,0,0
BRDA:294,10,1,0
BRDA:332,11,0,0
BRDA:332,11,1,0
BRDA:339,12,0,0
BRDA:339,12,1,0
BRDA:411,13,0,0
BRDA:411,13,1,0
BRDA:431,14,0,0
BRDA:431,14,1,0
BRDA:439,15,0,0
BRDA:439,15,1,0
BRDA:483,16,0,0
BRDA:483,16,1,0
BRDA:484,17,0,0
BRDA:484,17,1,0
BRDA:490,18,0,0
BRDA:490,18,1,0
BRDA:494,19,0,0
BRDA:494,19,1,0
BRDA:531,20,0,0
BRDA:531,20,1,0
BRDA:540,21,0,0
BRDA:540,21,1,0
BRDA:547,22,0,0
BRDA:547,22,1,0
BRF:46
BRH:0
end_of_record
TN:
SF:src/controllers/costCalculatorController.js
FN:8,(anonymous_0)
FN:60,(anonymous_1)
FN:122,(anonymous_2)
FN:164,(anonymous_3)
FN:208,(anonymous_4)
FN:246,(anonymous_5)
FN:296,(anonymous_6)
FNF:7
FNH:0
FNDA:0,(anonymous_0)
FNDA:0,(anonymous_1)
FNDA:0,(anonymous_2)
FNDA:0,(anonymous_3)
FNDA:0,(anonymous_4)
FNDA:0,(anonymous_5)
FNDA:0,(anonymous_6)
DA:6,1
DA:9,0
DA:22,0
DA:24,0
DA:27,0
DA:33,0
DA:36,0
DA:60,0
DA:63,0
DA:84,0
DA:95,0
DA:102,0
DA:109,0
DA:111,0
DA:116,0
DA:117,0
DA:123,0
DA:124,0
DA:126,0
DA:128,0
DA:130,0
DA:131,0
DA:138,0
DA:139,0
DA:140,0
DA:141,0
DA:143,0
DA:144,0
DA:148,0
DA:158,0
DA:159,0
DA:165,0
DA:166,0
DA:169,0
DA:170,0
DA:171,0
DA:179,0
DA:187,0
DA:194,0
DA:202,0
DA:203,0
DA:209,0
DA:210,0
DA:213,0
DA:214,0
DA:215,0
DA:222,0
DA:223,0
DA:224,0
DA:225,0
DA:226,0
DA:228,0
DA:232,0
DA:240,0
DA:241,0
DA:247,0
DA:248,0
DA:250,0
DA:251,0
DA:257,0
DA:258,0
DA:259,0
DA:266,0
DA:269,0
DA:274,0
DA:282,0
DA:290,0
DA:291,0
DA:297,0
DA:298,0
DA:299,0
DA:301,0
DA:304,0
DA:305,0
DA:306,0
DA:317,0
DA:320,0
DA:321,0
DA:322,0
DA:323,0
DA:325,0
DA:331,0
DA:332,0
DA:334,0
DA:347,0
DA:350,0
DA:352,0
DA:362,0
DA:372,0
DA:378,0
DA:385,0
DA:386,0
DA:387,0
DA:390,0
DA:402,0
DA:403,0
LF:96
LH:1
BRDA:21,0,0,0
BRDA:130,1,0,0
BRDA:130,1,1,0
BRDA:139,2,0,0
BRDA:139,2,1,0
BRDA:170,3,0,0
BRDA:170,3,1,0
BRDA:214,4,0,0
BRDA:214,4,1,0
BRDA:223,5,0,0
BRDA:223,5,1,0
BRDA:226,6,0,0
BRDA:226,6,1,0
BRDA:258,7,0,0
BRDA:258,7,1,0
BRDA:270,8,0,0
BRDA:270,8,1,0
BRDA:270,9,0,0
BRDA:270,9,1,0
BRDA:271,10,0,0
BRDA:271,10,1,0
BRDA:271,11,0,0
BRDA:271,11,1,0
BRDA:305,12,0,0
BRDA:305,12,1,0
BRDA:316,13,0,0
BRDA:350,14,0,0
BRDA:350,14,1,0
BRDA:354,15,0,0
BRDA:354,15,1,0
BRDA:355,16,0,0
BRDA:355,16,1,0
BRDA:357,17,0,0
BRDA:357,17,1,0
BRDA:385,18,0,0
BRDA:385,18,1,0
BRF:36
BRH:0
end_of_record
TN:
SF:src/controllers/customerController.js
FN:8,(anonymous_0)
FN:40,(anonymous_1)
FN:83,(anonymous_2)
FN:120,(anonymous_3)
FN:143,(anonymous_4)
FNF:5
FNH:0
FNDA:0,(anonymous_0)
FNDA:0,(anonymous_1)
FNDA:0,(anonymous_2)
FNDA:0,(anonymous_3)
FNDA:0,(anonymous_4)
DA:6,1
DA:9,0
DA:10,0
DA:12,0
DA:14,0
DA:16,0
DA:17,0
DA:25,0
DA:29,0
DA:34,0
DA:35,0
DA:41,0
DA:42,0
DA:44,0
DA:46,0
DA:48,0
DA:49,0
DA:57,0
DA:58,0
DA:59,0
DA:60,0
DA:62,0
DA:63,0
DA:67,0
DA:77,0
DA:78,0
DA:84,0
DA:85,0
DA:86,0
DA:88,0
DA:91,0
DA:92,0
DA:93,0
DA:101,0
DA:103,0
DA:105,0
DA:114,0
DA:115,0
DA:121,0
DA:122,0
DA:124,0
DA:126,0
DA:128,0
DA:137,0
DA:138,0
DA:144,0
DA:145,0
DA:146,0
DA:148,0
DA:151,0
DA:152,0
DA:153,0
DA:160,0
DA:168,0
DA:170,0
DA:171,0
DA:180,0
DA:187,0
DA:194,0
DA:195,0
DA:196,0
DA:199,0
DA:211,0
DA:212,0
LF:64
LH:1
BRDA:16,0,0,0
BRDA:16,0,1,0
BRDA:48,1,0,0
BRDA:48,1,1,0
BRDA:58,2,0,0
BRDA:58,2,1,0
BRDA:92,3,0,0
BRDA:92,3,1,0
BRDA:122,4,0,0
BRDA:122,4,1,0
BRDA:152,5,0,0
BRDA:152,5,1,0
BRDA:161,6,0,0
BRDA:161,6,1,0
BRDA:162,7,0,0
BRDA:162,7,1,0
BRDA:163,8,0,0
BRDA:163,8,1,0
BRDA:164,9,0,0
BRDA:164,9,1,0
BRDA:170,10,0,0
BRDA:170,10,1,0
BRDA:194,11,0,0
BRDA:194,11,1,0
BRF:24
BRH:0
end_of_record
TN:
SF:src/controllers/exportController.js
FN:6,(anonymous_0)
FN:121,(anonymous_1)
FN:146,(anonymous_2)
FN:205,(anonymous_3)
FN:270,(anonymous_4)
FN:285,(anonymous_5)
FN:340,(anonymous_6)
FN:374,(anonymous_7)
FN:400,(anonymous_8)
FN:445,convertToCSV
FN:458,(anonymous_10)
FN:461,(anonymous_11)
FN:468,(anonymous_12)
FN:469,(anonymous_13)
FN:474,flattenObject
FN:477,(anonymous_15)
FN:492,generatePDFStructure
FN:523,generateDOCXStructure
FN:537,generateICPContent
FN:544,generateCostCalculatorContent
FN:555,generateBusinessCaseContent
FN:563,generateDocumentContent
FN:572,(anonymous_22)
FNF:23
FNH:0
FNDA:0,(anonymous_0)
FNDA:0,(anonymous_1)
FNDA:0,(anonymous_2)
FNDA:0,(anonymous_3)
FNDA:0,(anonymous_4)
FNDA:0,(anonymous_5)
FNDA:0,(anonymous_6)
FNDA:0,(anonymous_7)
FNDA:0,(anonymous_8)
FNDA:0,convertToCSV
FNDA:0,(anonymous_10)
FNDA:0,(anonymous_11)
FNDA:0,(anonymous_12)
FNDA:0,(anonymous_13)
FNDA:0,flattenObject
FNDA:0,(anonymous_15)
FNDA:0,generatePDFStructure
FNDA:0,generateDOCXStructure
FNDA:0,generateICPContent
FNDA:0,generateCostCalculatorContent
FNDA:0,generateBusinessCaseContent
FNDA:0,generateDocumentContent
FNDA:0,(anonymous_22)
DA:4,1
DA:7,0
DA:8,0
DA:9,0
DA:11,0
DA:13,0
DA:15,0
DA:16,0
DA:24,0
DA:27,0
DA:39,0
DA:40,0
DA:41,0
DA:43,0
DA:48,0
DA:49,0
DA:50,0
DA:52,0
DA:57,0
DA:58,0
DA:59,0
DA:61,0
DA:66,0
DA:67,0
DA:68,0
DA:72,0
DA:74,0
DA:75,0
DA:76,0
DA:82,0
DA:83,0
DA:84,0
DA:85,0
DA:89,0
DA:90,0
DA:91,0
DA:99,0
DA:100,0
DA:101,0
DA:108,0
DA:115,0
DA:116,0
DA:122,0
DA:123,0
DA:125,0
DA:128,0
DA:130,0
DA:140,0
DA:141,0
DA:147,0
DA:148,0
DA:150,0
DA:151,0
DA:152,0
DA:158,0
DA:159,0
DA:165,0
DA:166,0
DA:167,0
DA:169,0
DA:170,0
DA:171,0
DA:172,0
DA:174,0
DA:178,0
DA:183,0
DA:199,0
DA:200,0
DA:206,0
DA:207,0
DA:209,0
DA:210,0
DA:211,0
DA:217,0
DA:218,0
DA:224,0
DA:225,0
DA:226,0
DA:228,0
DA:229,0
DA:230,0
DA:231,0
DA:233,0
DA:234,0
DA:235,0
DA:236,0
DA:237,0
DA:238,0
DA:240,0
DA:241,0
DA:244,0
DA:247,0
DA:264,0
DA:265,0
DA:271,0
DA:272,0
DA:274,0
DA:275,0
DA:276,0
DA:282,0
DA:283,0
DA:285,0
DA:286,0
DA:288,0
DA:289,0
DA:291,0
DA:293,0
DA:295,0
DA:296,0
DA:298,0
DA:300,0
DA:302,0
DA:303,0
DA:305,0
DA:307,0
DA:309,0
DA:313,0
DA:314,0
DA:315,0
DA:317,0
DA:334,0
DA:335,0
DA:341,0
DA:342,0
DA:345,0
DA:346,0
DA:348,0
DA:349,0
DA:355,0
DA:366,0
DA:368,0
DA:369,0
DA:375,0
DA:376,0
DA:378,0
DA:379,0
DA:385,0
DA:394,0
DA:395,0
DA:401,0
DA:402,0
DA:404,0
DA:405,0
DA:406,0
DA:412,0
DA:413,0
DA:419,0
DA:420,0
DA:421,0
DA:423,0
DA:438,0
DA:439,0
DA:446,0
DA:449,0
DA:452,0
DA:453,0
DA:454,0
DA:455,0
DA:458,0
DA:459,0
DA:460,0
DA:461,0
DA:462,0
DA:468,0
DA:469,0
DA:475,0
DA:477,0
DA:478,0
DA:479,0
DA:481,0
DA:482,0
DA:484,0
DA:488,0
DA:493,0
DA:524,0
DA:538,0
DA:539,0
DA:540,0
DA:541,0
DA:545,0
DA:546,0
DA:547,0
DA:549,0
DA:550,0
DA:552,0
DA:556,0
DA:557,0
DA:558,0
DA:559,0
DA:560,0
DA:564,0
DA:567,0
DA:568,0
DA:569,0
DA:572,0
DA:573,0
DA:577,0
LF:197
LH:1
BRDA:15,0,0,0
BRDA:15,0,1,0
BRDA:24,1,0,0
BRDA:24,1,1,0
BRDA:39,2,0,0
BRDA:39,2,1,0
BRDA:39,3,0,0
BRDA:39,3,1,0
BRDA:48,4,0,0
BRDA:48,4,1,0
BRDA:48,5,0,0
BRDA:48,5,1,0
BRDA:57,6,0,0
BRDA:57,6,1,0
BRDA:57,7,0,0
BRDA:57,7,1,0
BRDA:66,8,0,0
BRDA:66,8,1,0
BRDA:72,9,0,0
BRDA:72,9,1,0
BRDA:72,9,2,0
BRDA:72,9,3,0
BRDA:72,9,4,0
BRDA:151,10,0,0
BRDA:151,10,1,0
BRDA:158,11,0,0
BRDA:158,11,1,0
BRDA:172,12,0,0
BRDA:172,12,1,0
BRDA:179,13,0,0
BRDA:179,13,1,0
BRDA:210,14,0,0
BRDA:210,14,1,0
BRDA:217,15,0,0
BRDA:217,15,1,0
BRDA:235,16,0,0
BRDA:235,16,1,0
BRDA:236,17,0,0
BRDA:236,17,1,0
BRDA:237,18,0,0
BRDA:237,18,1,0
BRDA:238,19,0,0
BRDA:238,19,1,0
BRDA:240,20,0,0
BRDA:240,20,1,0
BRDA:259,21,0,0
BRDA:259,21,1,0
BRDA:275,22,0,0
BRDA:275,22,1,0
BRDA:286,23,0,0
BRDA:286,23,1,0
BRDA:286,23,2,0
BRDA:286,23,3,0
BRDA:288,24,0,0
BRDA:288,24,1,0
BRDA:295,25,0,0
BRDA:295,25,1,0
BRDA:302,26,0,0
BRDA:302,26,1,0
BRDA:328,27,0,0
BRDA:328,27,1,0
BRDA:348,28,0,0
BRDA:348,28,1,0
BRDA:360,29,0,0
BRDA:360,29,1,0
BRDA:378,30,0,0
BRDA:378,30,1,0
BRDA:405,31,0,0
BRDA:405,31,1,0
BRDA:412,32,0,0
BRDA:412,32,1,0
BRDA:420,33,0,0
BRDA:420,33,1,0
BRDA:460,34,0,0
BRDA:460,34,1,0
BRDA:474,35,0,0
BRDA:479,36,0,0
BRDA:479,36,1,0
BRDA:481,37,0,0
BRDA:481,37,1,0
BRDA:481,38,0,0
BRDA:481,38,1,0
BRDA:481,38,2,0
BRDA:484,39,0,0
BRDA:484,39,1,0
BRDA:506,40,0,0
BRDA:506,40,1,0
BRDA:510,41,0,0
BRDA:510,41,1,0
BRDA:514,42,0,0
BRDA:514,42,1,0
BRDA:539,43,0,0
BRDA:539,43,1,0
BRDA:540,44,0,0
BRDA:540,44,1,0
BRDA:546,45,0,0
BRDA:546,45,1,0
BRDA:549,46,0,0
BRDA:549,46,1,0
BRDA:557,47,0,0
BRDA:557,47,1,0
BRDA:558,48,0,0
BRDA:558,48,1,0
BRDA:559,49,0,0
BRDA:559,49,1,0
BRF:105
BRH:0
end_of_record
TN:
SF:src/controllers/healthController.js
FN:6,(anonymous_0)
FN:32,(anonymous_1)
FNF:2
FNH:0
FNDA:0,(anonymous_0)
FNDA:0,(anonymous_1)
DA:4,1
DA:7,0
DA:8,0
DA:17,0
DA:22,0
DA:23,0
DA:33,0
DA:34,0
DA:37,0
DA:38,0
DA:40,0
DA:41,0
DA:42,0
DA:43,0
DA:44,0
DA:46,0
DA:47,0
DA:50,0
DA:52,0
DA:68,0
DA:70,0
DA:75,0
DA:76,0
LF:23
LH:1
BRDA:11,0,0,0
BRDA:11,0,1,0
BRDA:12,1,0,0
BRDA:12,1,1,0
BRDA:53,2,0,0
BRDA:53,2,1,0
BRDA:55,3,0,0
BRDA:55,3,1,0
BRDA:56,4,0,0
BRDA:56,4,1,0
BRDA:68,5,0,0
BRDA:68,5,1,0
BRF:12
BRH:0
end_of_record
TN:
SF:src/controllers/progressController.js
FN:9,(anonymous_0)
FN:44,(anonymous_1)
FN:94,(anonymous_2)
FN:129,(anonymous_3)
FN:167,(anonymous_4)
FN:212,(anonymous_5)
FN:245,(anonymous_6)
FN:246,(anonymous_7)
FN:247,(anonymous_8)
FN:251,(anonymous_9)
FN:252,(anonymous_10)
FNF:11
FNH:0
FNDA:0,(anonymous_0)
FNDA:0,(anonymous_1)
FNDA:0,(anonymous_2)
FNDA:0,(anonymous_3)
FNDA:0,(anonymous_4)
FNDA:0,(anonymous_5)
FNDA:0,(anonymous_6)
FNDA:0,(anonymous_7)
FNDA:0,(anonymous_8)
FNDA:0,(anonymous_9)
FNDA:0,(anonymous_10)
DA:5,1
DA:10,0
DA:11,0
DA:13,0
DA:16,0
DA:19,0
DA:21,0
DA:32,0
DA:33,0
DA:45,0
DA:46,0
DA:47,0
DA:49,0
DA:50,0
DA:56,0
DA:59,0
DA:61,0
DA:62,0
DA:69,0
DA:82,0
DA:83,0
DA:95,0
DA:96,0
DA:98,0
DA:100,0
DA:102,0
DA:117,0
DA:118,0
DA:130,0
DA:131,0
DA:133,0
DA:135,0
DA:137,0
DA:138,0
DA:145,0
DA:155,0
DA:156,0
DA:168,0
DA:169,0
DA:170,0
DA:172,0
DA:175,0
DA:181,0
DA:182,0
DA:189,0
DA:200,0
DA:201,0
DA:213,0
DA:214,0
DA:216,0
DA:219,0
DA:222,0
DA:223,0
DA:224,0
DA:225,0
DA:226,0
DA:228,0
DA:238,0
DA:243,0
DA:245,0
DA:246,0
DA:248,0
DA:249,0
DA:251,0
DA:252,0
DA:255,0
DA:265,0
DA:266,0
LF:68
LH:1
BRDA:26,0,0,0
BRDA:26,0,1,0
BRDA:49,1,0,0
BRDA:49,1,1,0
BRDA:61,2,0,0
BRDA:61,2,1,0
BRDA:137,3,0,0
BRDA:137,3,1,0
BRDA:181,4,0,0
BRDA:181,4,1,0
BRDA:214,5,0,0
BRDA:233,6,0,0
BRDA:233,6,1,0
BRDA:234,7,0,0
BRDA:234,7,1,0
BRDA:248,8,0,0
BRDA:248,8,1,0
BRF:17
BRH:0
end_of_record
TN:
SF:src/controllers/webhookController.js
FN:9,(anonymous_0)
FN:82,(anonymous_1)
FN:126,(anonymous_2)
FN:171,(anonymous_3)
FN:203,(anonymous_4)
FN:219,(anonymous_5)
FN:251,(anonymous_6)
FN:318,(anonymous_7)
FN:374,(anonymous_8)
FNF:9
FNH:1
FNDA:0,(anonymous_0)
FNDA:0,(anonymous_1)
FNDA:0,(anonymous_2)
FNDA:0,(anonymous_3)
FNDA:0,(anonymous_4)
FNDA:0,(anonymous_5)
FNDA:0,(anonymous_6)
FNDA:0,(anonymous_7)
FNDA:1,(anonymous_8)
DA:5,1
DA:10,0
DA:11,0
DA:13,0
DA:14,0
DA:20,0
DA:23,0
DA:24,0
DA:25,0
DA:33,0
DA:35,0
DA:36,0
DA:39,0
DA:40,0
DA:43,0
DA:44,0
DA:47,0
DA:48,0
DA:51,0
DA:52,0
DA:58,0
DA:70,0
DA:71,0
DA:83,0
DA:84,0
DA:97,0
DA:103,0
DA:106,0
DA:115,0
DA:116,0
DA:118,0
DA:119,0
DA:127,0
DA:128,0
DA:143,0
DA:149,0
DA:152,0
DA:160,0
DA:161,0
DA:163,0
DA:164,0
DA:172,0
DA:173,0
DA:189,0
DA:195,0
DA:198,0
DA:204,0
DA:208,0
DA:209,0
DA:211,0
DA:212,0
DA:220,0
DA:221,0
DA:232,0
DA:240,0
DA:241,0
DA:243,0
DA:244,0
DA:252,0
DA:253,0
DA:255,0
DA:256,0
DA:263,0
DA:264,0
DA:265,0
DA:273,0
DA:275,0
DA:276,0
DA:279,0
DA:280,0
DA:283,0
DA:284,0
DA:287,0
DA:288,0
DA:291,0
DA:294,0
DA:306,0
DA:307,0
DA:319,0
DA:320,0
DA:322,0
DA:323,0
DA:329,0
DA:331,0
DA:333,0
DA:334,0
DA:344,0
DA:345,0
DA:346,0
DA:347,0
DA:351,0
DA:362,0
DA:363,0
DA:375,1
DA:376,1
DA:378,1
DA:399,0
DA:400,0
LF:98
LH:4
BRDA:13,0,0,0
BRDA:13,0,1,0
BRDA:13,1,0,0
BRDA:13,1,1,0
BRDA:24,2,0,0
BRDA:24,2,1,0
BRDA:33,3,0,0
BRDA:33,3,1,0
BRDA:33,3,2,0
BRDA:33,3,3,0
BRDA:33,3,4,0
BRDA:85,4,0,0
BRDA:85,4,1,0
BRDA:87,5,0,0
BRDA:87,5,1,0
BRDA:88,6,0,0
BRDA:88,6,1,0
BRDA:89,7,0,0
BRDA:89,7,1,0
BRDA:90,8,0,0
BRDA:90,8,1,0
BRDA:91,9,0,0
BRDA:91,9,1,0
BRDA:131,10,0,0
BRDA:131,10,1,0
BRDA:132,11,0,0
BRDA:132,11,1,0
BRDA:133,12,0,0
BRDA:133,12,1,0
BRDA:134,13,0,0
BRDA:134,13,1,0
BRDA:137,14,0,0
BRDA:137,14,1,0
BRDA:138,15,0,0
BRDA:138,15,1,0
BRDA:174,16,0,0
BRDA:174,16,1,0
BRDA:178,17,0,0
BRDA:178,17,1,0
BRDA:179,18,0,0
BRDA:179,18,1,0
BRDA:180,19,0,0
BRDA:180,19,1,0
BRDA:181,20,0,0
BRDA:181,20,1,0
BRDA:182,21,0,0
BRDA:182,21,1,0
BRDA:183,22,0,0
BRDA:183,22,1,0
BRDA:204,23,0,0
BRDA:204,23,1,0
BRDA:225,24,0,0
BRDA:225,24,1,0
BRDA:226,25,0,0
BRDA:226,25,1,0
BRDA:255,26,0,0
BRDA:255,26,1,0
BRDA:255,27,0,0
BRDA:255,27,1,0
BRDA:264,28,0,0
BRDA:264,28,1,0
BRDA:273,29,0,0
BRDA:273,29,1,0
BRDA:273,29,2,0
BRDA:273,29,3,0
BRDA:273,29,4,0
BRDA:322,30,0,0
BRDA:322,30,1,0
BRDA:322,31,0,0
BRDA:322,31,1,0
BRDA:331,32,0,0
BRDA:331,32,1,0
BRDA:346,33,0,0
BRDA:346,33,1,0
BRF:74
BRH:0
end_of_record
TN:
SF:src/middleware/auth.js
FN:8,(anonymous_0)
FN:54,(anonymous_1)
FN:108,(anonymous_2)
FN:152,(anonymous_3)
FN:189,(anonymous_4)
FN:190,(anonymous_5)
FN:224,(anonymous_6)
FN:257,(anonymous_7)
FN:297,(anonymous_8)
FN:300,(anonymous_9)
FNF:10
FNH:4
FNDA:0,(anonymous_0)
FNDA:0,(anonymous_1)
FNDA:0,(anonymous_2)
FNDA:1,(anonymous_3)
FNDA:0,(anonymous_4)
FNDA:0,(anonymous_5)
FNDA:0,(anonymous_6)
FNDA:1,(anonymous_7)
FNDA:40,(anonymous_8)
FNDA:4,(anonymous_9)
DA:8,1
DA:9,0
DA:10,0
DA:12,0
DA:13,0
DA:20,0
DA:21,0
DA:23,0
DA:24,0
DA:25,0
DA:33,0
DA:39,0
DA:40,0
DA:42,0
DA:43,0
DA:54,1
DA:55,0
DA:56,0
DA:57,0
DA:59,0
DA:60,0
DA:67,0
DA:68,0
DA:75,0
DA:77,0
DA:78,0
DA:86,0
DA:87,0
DA:93,0
DA:94,0
DA:96,0
DA:97,0
DA:108,1
DA:109,0
DA:110,0
DA:112,0
DA:113,0
DA:120,0
DA:122,0
DA:123,0
DA:131,0
DA:137,0
DA:138,0
DA:140,0
DA:141,0
DA:152,1
DA:153,1
DA:154,1
DA:155,1
DA:158,1
DA:159,0
DA:163,1
DA:164,0
DA:168,1
DA:169,0
DA:173,1
DA:189,1
DA:190,0
DA:191,0
DA:192,0
DA:193,0
DA:199,0
DA:201,0
DA:202,0
DA:209,0
DA:211,0
DA:212,0
DA:224,1
DA:225,0
DA:226,0
DA:228,0
DA:229,0
DA:235,0
DA:236,0
DA:242,0
DA:243,0
DA:250,0
DA:257,1
DA:258,1
DA:260,1
DA:261,1
DA:263,1
DA:264,0
DA:265,0
DA:267,0
DA:268,0
DA:274,1
DA:275,0
DA:277,0
DA:278,0
DA:285,1
DA:288,0
DA:289,0
DA:297,1
DA:298,40
DA:300,40
DA:301,4
DA:302,4
DA:303,4
DA:306,4
DA:307,0
DA:308,0
DA:313,4
DA:314,4
DA:315,4
DA:319,4
DA:323,4
DA:324,0
DA:333,4
DA:336,4
DA:337,4
DA:338,4
DA:340,4
LF:113
LH:37
BRDA:12,0,0,0
BRDA:12,0,1,0
BRDA:12,1,0,0
BRDA:12,1,1,0
BRDA:23,2,0,0
BRDA:23,2,1,0
BRDA:24,3,0,0
BRDA:24,3,1,0
BRDA:27,4,0,0
BRDA:27,4,1,0
BRDA:56,5,0,0
BRDA:56,5,1,0
BRDA:57,6,0,0
BRDA:57,6,1,0
BRDA:59,7,0,0
BRDA:59,7,1,0
BRDA:67,8,0,0
BRDA:67,8,1,0
BRDA:77,9,0,0
BRDA:77,9,1,0
BRDA:110,10,0,0
BRDA:110,10,1,0
BRDA:112,11,0,0
BRDA:112,11,1,0
BRDA:122,12,0,0
BRDA:122,12,1,0
BRDA:158,13,0,0
BRDA:158,13,1,1
BRDA:158,14,0,1
BRDA:158,14,1,0
BRDA:163,15,0,0
BRDA:163,15,1,1
BRDA:168,16,0,0
BRDA:168,16,1,1
BRDA:192,17,0,0
BRDA:192,17,1,0
BRDA:192,18,0,0
BRDA:192,18,1,0
BRDA:201,19,0,0
BRDA:201,19,1,0
BRDA:225,20,0,0
BRDA:225,20,1,0
BRDA:228,21,0,0
BRDA:228,21,1,0
BRDA:235,22,0,0
BRDA:235,22,1,0
BRDA:242,23,0,0
BRDA:242,23,1,0
BRDA:263,24,0,0
BRDA:263,24,1,1
BRDA:263,25,0,1
BRDA:263,25,1,0
BRDA:267,26,0,0
BRDA:267,26,1,0
BRDA:274,27,0,0
BRDA:274,27,1,1
BRDA:277,28,0,0
BRDA:277,28,1,0
BRDA:297,29,0,0
BRDA:297,30,0,0
BRDA:301,31,0,4
BRDA:301,31,1,4
BRDA:307,32,0,0
BRDA:307,32,1,0
BRDA:314,33,0,4
BRDA:314,33,1,0
BRDA:314,34,0,4
BRDA:314,34,1,0
BRDA:323,35,0,0
BRDA:323,35,1,4
BRF:70
BRH:12
end_of_record
TN:
SF:src/middleware/errorHandler.js
FN:3,(anonymous_0)
FN:18,(anonymous_1)
FNF:2
FNH:0
FNDA:0,(anonymous_0)
FNDA:0,(anonymous_1)
DA:3,1
DA:4,0
DA:5,0
DA:8,0
DA:11,0
DA:12,0
DA:15,0
DA:16,0
DA:17,0
DA:18,0
DA:19,0
DA:28,0
DA:29,0
DA:30,0
DA:33,0
DA:34,0
DA:35,0
DA:38,0
DA:39,0
DA:40,0
DA:43,0
DA:44,0
DA:45,0
DA:48,0
DA:49,0
DA:50,0
DA:53,0
DA:54,0
DA:55,0
DA:59,0
DA:60,0
DA:61,0
DA:65,0
DA:66,0
DA:67,0
DA:71,0
DA:72,0
DA:73,0
DA:76,0
DA:77,0
DA:78,0
DA:82,0
DA:89,0
DA:90,0
DA:91,0
DA:95,0
DA:96,0
DA:99,0
LF:48
LH:1
BRDA:15,0,0,0
BRDA:15,0,1,0
BRDA:28,1,0,0
BRDA:28,1,1,0
BRDA:28,2,0,0
BRDA:28,2,1,0
BRDA:33,3,0,0
BRDA:33,3,1,0
BRDA:33,4,0,0
BRDA:33,4,1,0
BRDA:38,5,0,0
BRDA:38,5,1,0
BRDA:38,6,0,0
BRDA:38,6,1,0
BRDA:43,7,0,0
BRDA:43,7,1,0
BRDA:43,8,0,0
BRDA:43,8,1,0
BRDA:48,9,0,0
BRDA:48,9,1,0
BRDA:48,10,0,0
BRDA:48,10,1,0
BRDA:53,11,0,0
BRDA:53,11,1,0
BRDA:53,12,0,0
BRDA:53,12,1,0
BRDA:59,13,0,0
BRDA:59,13,1,0
BRDA:65,14,0,0
BRDA:65,14,1,0
BRDA:71,15,0,0
BRDA:71,15,1,0
BRDA:76,16,0,0
BRDA:76,16,1,0
BRDA:89,17,0,0
BRDA:89,17,1,0
BRDA:95,18,0,0
BRDA:95,18,1,0
BRF:38
BRH:0
end_of_record
TN:
SF:src/middleware/security.js
FN:18,(anonymous_0)
FN:43,(anonymous_1)
FN:88,(anonymous_2)
FN:91,(anonymous_3)
FN:102,(anonymous_4)
FN:104,(anonymous_5)
FNF:6
FNH:5
FNDA:0,(anonymous_0)
FNDA:5,(anonymous_1)
FNDA:5,(anonymous_2)
FNDA:5,(anonymous_3)
FNDA:5,(anonymous_4)
FNDA:10,(anonymous_5)
DA:8,1
DA:19,0
DA:20,0
DA:29,1
DA:42,1
DA:45,5
DA:47,0
DA:51,0
DA:52,0
DA:54,0
DA:55,0
DA:65,1
DA:88,1
DA:89,5
DA:91,5
DA:92,5
DA:93,5
DA:95,5
DA:98,5
DA:102,1
DA:104,5
DA:105,10
DA:107,0
DA:111,10
DA:112,10
DA:113,10
DA:114,0
DA:116,10
DA:118,0
DA:121,5
DA:122,0
DA:124,5
DA:125,5
DA:127,5
DA:128,5
DA:131,5
LF:36
LH:25
BRDA:45,0,0,5
BRDA:45,0,1,0
BRDA:47,1,0,0
BRDA:47,1,1,0
BRDA:51,2,0,0
BRDA:51,2,1,0
BRDA:93,3,0,2
BRDA:93,3,1,3
BRDA:105,4,0,0
BRDA:105,4,1,10
BRDA:111,5,0,10
BRDA:111,5,1,0
BRDA:111,6,0,10
BRDA:111,6,1,10
BRDA:121,7,0,0
BRDA:121,7,1,5
BRDA:124,8,0,5
BRDA:124,8,1,0
BRDA:127,9,0,5
BRDA:127,9,1,0
BRF:20
BRH:10
end_of_record
TN:
SF:src/middleware/validation.js
FN:75,(anonymous_0)
FN:76,(anonymous_1)
FNF:2
FNH:2
FNDA:27,(anonymous_0)
FNDA:1,(anonymous_1)
DA:4,1
DA:13,1
DA:28,1
DA:54,1
DA:66,1
DA:75,1
DA:76,27
DA:77,1
DA:80,1
DA:86,1
DA:87,0
DA:88,0
DA:92,1
DA:93,0
DA:94,1
DA:95,0
DA:97,1
DA:100,1
DA:105,1
LF:19
LH:15
BRDA:75,0,0,13
BRDA:77,1,0,0
BRDA:77,1,1,1
BRDA:78,2,0,0
BRDA:78,2,1,1
BRDA:86,3,0,0
BRDA:86,3,1,1
BRDA:92,4,0,0
BRDA:92,4,1,1
BRDA:94,5,0,0
BRDA:94,5,1,1
BRF:11
BRH:6
end_of_record
TN:
SF:src/routes/auth.js
FN:77,(anonymous_0)
FN:89,(anonymous_1)
FNF:2
FNH:0
FNDA:0,(anonymous_0)
FNDA:0,(anonymous_1)
DA:6,1
DA:9,1
DA:12,1
DA:19,1
DA:26,1
DA:32,1
DA:39,1
DA:46,1
DA:53,1
DA:59,1
DA:66,1
DA:72,1
DA:74,1
DA:78,0
DA:87,1
DA:90,0
LF:16
LH:14
BRDA:72,0,0,1
BRDA:72,0,1,0
BRDA:72,1,0,1
BRDA:72,1,1,1
BRDA:94,2,0,0
BRDA:94,2,1,0
BRF:6
BRH:3
end_of_record
TN:
SF:src/routes/index.js
FN:194,(anonymous_0)
FN:270,(anonymous_1)
FNF:2
FNH:1
FNDA:1,(anonymous_0)
FNDA:0,(anonymous_1)
DA:14,1
DA:17,1
DA:18,1
DA:21,1
DA:24,1
DA:27,1
DA:30,1
DA:38,1
DA:46,1
DA:55,1
DA:64,1
DA:72,1
DA:79,1
DA:86,1
DA:93,1
DA:101,1
DA:109,1
DA:116,1
DA:122,1
DA:128,1
DA:134,1
DA:140,1
DA:149,1
DA:155,1
DA:161,1
DA:167,1
DA:173,1
DA:179,1
DA:185,1
DA:194,1
DA:195,1
DA:270,1
DA:271,0
LF:33
LH:32
BRF:0
BRH:0
end_of_record
TN:
SF:src/routes/progress.js
FNF:0
FNH:0
DA:7,1
DA:10,1
DA:15,1
DA:20,1
DA:29,1
DA:39,1
DA:48,1
DA:57,1
DA:67,1
LF:9
LH:9
BRF:0
BRH:0
end_of_record
TN:
SF:src/routes/webhooks.js
FN:66,(anonymous_0)
FNF:1
FNH:1
FNDA:1,(anonymous_0)
DA:7,1
DA:10,1
DA:23,1
DA:35,1
DA:42,1
DA:50,1
DA:57,1
DA:64,1
DA:67,1
LF:9
LH:9
BRF:0
BRH:0
end_of_record
TN:
SF:src/services/aiService.js
FN:5,(anonymous_0)
FN:13,(anonymous_1)
FN:50,(anonymous_2)
FN:87,(anonymous_3)
FN:124,(anonymous_4)
FN:168,(anonymous_5)
FN:211,(anonymous_6)
FN:262,(anonymous_7)
FN:298,(anonymous_8)
FN:323,(anonymous_9)
FN:347,(anonymous_10)
FN:364,(anonymous_11)
FN:379,(anonymous_12)
FN:390,(anonymous_13)
FN:416,(anonymous_14)
FN:434,(anonymous_15)
FNF:16
FNH:1
FNDA:1,(anonymous_0)
FNDA:0,(anonymous_1)
FNDA:0,(anonymous_2)
FNDA:0,(anonymous_3)
FNDA:0,(anonymous_4)
FNDA:0,(anonymous_5)
FNDA:0,(anonymous_6)
FNDA:0,(anonymous_7)
FNDA:0,(anonymous_8)
FNDA:0,(anonymous_9)
FNDA:0,(anonymous_10)
FNDA:0,(anonymous_11)
FNDA:0,(anonymous_12)
FNDA:0,(anonymous_13)
FNDA:0,(anonymous_14)
FNDA:0,(anonymous_15)
DA:6,1
DA:7,1
DA:14,0
DA:15,0
DA:17,0
DA:23,0
DA:25,0
DA:27,0
DA:38,0
DA:39,0
DA:51,0
DA:52,0
DA:54,0
DA:60,0
DA:62,0
DA:64,0
DA:75,0
DA:76,0
DA:88,0
DA:89,0
DA:91,0
DA:97,0
DA:99,0
DA:101,0
DA:112,0
DA:113,0
DA:125,0
DA:169,0
DA:212,0
DA:263,0
DA:264,0
DA:267,0
DA:287,0
DA:288,0
DA:291,0
DA:292,0
DA:299,0
DA:301,0
DA:302,0
DA:303,0
DA:306,0
DA:309,0
DA:310,0
DA:313,0
DA:315,0
DA:316,0
DA:324,0
DA:325,0
DA:326,0
DA:327,0
DA:330,0
DA:333,0
DA:334,0
DA:337,0
DA:339,0
DA:340,0
DA:348,0
DA:349,0
DA:350,0
DA:351,0
DA:354,0
DA:356,0
DA:357,0
DA:365,0
DA:367,0
DA:368,0
DA:369,0
DA:370,0
DA:371,0
DA:373,0
DA:380,0
DA:381,0
DA:382,0
DA:384,0
DA:391,0
DA:417,0
DA:419,0
DA:435,0
LF:78
LH:2
BRDA:13,0,0,0
BRDA:128,1,0,0
BRDA:128,1,1,0
BRDA:129,2,0,0
BRDA:129,2,1,0
BRDA:130,3,0,0
BRDA:130,3,1,0
BRDA:131,4,0,0
BRDA:131,4,1,0
BRDA:132,5,0,0
BRDA:132,5,1,0
BRDA:172,6,0,0
BRDA:172,6,1,0
BRDA:262,7,0,0
BRDA:263,8,0,0
BRDA:263,8,1,0
BRDA:275,9,0,0
BRDA:275,9,1,0
BRDA:276,10,0,0
BRDA:276,10,1,0
BRDA:277,11,0,0
BRDA:277,11,1,0
BRDA:287,12,0,0
BRDA:287,12,1,0
BRDA:302,13,0,0
BRDA:302,13,1,0
BRDA:309,14,0,0
BRDA:309,14,1,0
BRDA:309,15,0,0
BRDA:309,15,1,0
BRDA:309,15,2,0
BRDA:326,16,0,0
BRDA:326,16,1,0
BRDA:333,17,0,0
BRDA:333,17,1,0
BRDA:350,18,0,0
BRDA:350,18,1,0
BRDA:367,19,0,0
BRDA:367,19,1,0
BRDA:367,20,0,0
BRDA:367,20,1,0
BRDA:368,21,0,0
BRDA:368,21,1,0
BRDA:368,22,0,0
BRDA:368,22,1,0
BRDA:369,23,0,0
BRDA:369,23,1,0
BRDA:369,24,0,0
BRDA:369,24,1,0
BRDA:370,25,0,0
BRDA:370,25,1,0
BRDA:370,26,0,0
BRDA:370,26,1,0
BRDA:371,27,0,0
BRDA:371,27,1,0
BRDA:371,28,0,0
BRDA:371,28,1,0
BRDA:390,29,0,0
BRDA:434,30,0,0
BRDA:436,31,0,0
BRDA:436,31,1,0
BRF:61
BRH:0
end_of_record
TN:
SF:src/services/airtableService.js
FN:6,(anonymous_0)
FN:15,(anonymous_1)
FN:35,(anonymous_2)
FN:53,(anonymous_3)
FN:89,(anonymous_4)
FN:122,(anonymous_5)
FN:144,(anonymous_6)
FN:158,(anonymous_7)
FN:171,(anonymous_8)
FN:180,(anonymous_9)
FN:197,(anonymous_10)
FN:211,(anonymous_11)
FN:224,(anonymous_12)
FNF:13
FNH:0
FNDA:0,(anonymous_0)
FNDA:0,(anonymous_1)
FNDA:0,(anonymous_2)
FNDA:0,(anonymous_3)
FNDA:0,(anonymous_4)
FNDA:0,(anonymous_5)
FNDA:0,(anonymous_6)
FNDA:0,(anonymous_7)
FNDA:0,(anonymous_8)
FNDA:0,(anonymous_9)
FNDA:0,(anonymous_10)
FNDA:0,(anonymous_11)
FNDA:0,(anonymous_12)
DA:7,0
DA:8,0
DA:9,0
DA:10,0
DA:12,0
DA:16,0
DA:18,0
DA:22,0
DA:25,0
DA:26,0
DA:28,0
DA:30,0
DA:31,0
DA:36,0
DA:38,0
DA:45,0
DA:46,0
DA:48,0
DA:49,0
DA:54,0
DA:55,0
DA:62,0
DA:63,0
DA:66,0
DA:67,0
DA:84,0
DA:85,0
DA:90,0
DA:92,0
DA:99,0
DA:100,0
DA:103,0
DA:106,0
DA:114,0
DA:115,0
DA:117,0
DA:118,0
DA:123,0
DA:124,0
DA:136,0
DA:137,0
DA:139,0
DA:140,0
DA:145,0
DA:146,0
DA:147,0
DA:148,0
DA:151,0
DA:158,0
DA:166,0
DA:167,0
DA:172,0
DA:173,0
DA:180,0
DA:192,0
DA:193,0
DA:198,0
DA:199,0
DA:200,0
DA:201,0
DA:204,0
DA:211,0
DA:219,0
DA:220,0
DA:225,0
DA:227,0
DA:234,0
DA:241,0
DA:243,0
DA:244,0
DA:247,0
DA:248,0
DA:251,0
DA:253,0
DA:254,0
DA:260,0
LF:76
LH:0
BRDA:62,0,0,0
BRDA:62,0,1,0
BRDA:99,1,0,0
BRDA:99,1,1,0
BRDA:144,2,0,0
BRDA:147,3,0,0
BRDA:147,3,1,0
BRDA:162,4,0,0
BRDA:162,4,1,0
BRDA:171,5,0,0
BRDA:197,6,0,0
BRDA:200,7,0,0
BRDA:200,7,1,0
BRDA:241,8,0,0
BRDA:241,8,1,0
BRF:15
BRH:0
end_of_record
TN:
SF:src/services/authService.js
FN:10,(anonymous_0)
FN:23,(anonymous_1)
FN:43,(anonymous_2)
FN:69,(anonymous_3)
FN:105,(anonymous_4)
FN:144,(anonymous_5)
FN:162,(anonymous_6)
FN:169,(anonymous_7)
FN:199,(anonymous_8)
FN:231,(anonymous_9)
FN:239,(anonymous_10)
FN:251,(anonymous_11)
FNF:12
FNH:1
FNDA:1,(anonymous_0)
FNDA:0,(anonymous_1)
FNDA:0,(anonymous_2)
FNDA:0,(anonymous_3)
FNDA:0,(anonymous_4)
FNDA:0,(anonymous_5)
FNDA:0,(anonymous_6)
FNDA:0,(anonymous_7)
FNDA:0,(anonymous_8)
FNDA:0,(anonymous_9)
FNDA:0,(anonymous_10)
FNDA:0,(anonymous_11)
DA:11,1
DA:12,1
DA:13,1
DA:15,1
DA:16,0
DA:24,0
DA:31,0
DA:33,0
DA:44,0
DA:45,0
DA:50,0
DA:57,0
DA:58,0
DA:70,0
DA:72,0
DA:73,0
DA:74,0
DA:78,0
DA:79,0
DA:82,0
DA:88,0
DA:90,0
DA:97,0
DA:98,0
DA:106,0
DA:107,0
DA:108,0
DA:109,0
DA:112,0
DA:114,0
DA:116,0
DA:120,0
DA:121,0
DA:132,0
DA:133,0
DA:136,0
DA:137,0
DA:145,0
DA:146,0
DA:151,0
DA:152,0
DA:154,0
DA:155,0
DA:163,0
DA:170,0
DA:171,0
DA:173,0
DA:174,0
DA:177,0
DA:178,0
DA:182,0
DA:184,0
DA:186,0
DA:191,0
DA:192,0
DA:200,0
DA:201,0
DA:203,0
DA:204,0
DA:208,0
DA:211,0
DA:213,0
DA:214,0
DA:217,0
DA:218,0
DA:221,0
DA:223,0
DA:224,0
DA:232,0
DA:233,0
DA:240,0
DA:241,0
DA:242,0
DA:243,0
DA:245,0
DA:252,0
DA:253,0
DA:254,0
DA:257,0
DA:258,0
DA:259,0
DA:262,0
DA:264,0
DA:265,0
DA:269,0
DA:270,0
DA:272,0
DA:273,0
DA:276,0
DA:282,0
DA:283,0
LF:91
LH:4
BRDA:15,0,0,0
BRDA:15,0,1,1
BRDA:23,1,0,0
BRDA:31,2,0,0
BRDA:31,2,1,0
BRDA:54,3,0,0
BRDA:54,3,1,0
BRDA:73,4,0,0
BRDA:73,4,1,0
BRDA:108,5,0,0
BRDA:108,5,1,0
BRDA:108,6,0,0
BRDA:108,6,1,0
BRDA:114,7,0,0
BRDA:114,7,1,0
BRDA:173,8,0,0
BRDA:173,8,1,0
BRDA:177,9,0,0
BRDA:177,9,1,0
BRDA:203,10,0,0
BRDA:203,10,1,0
BRDA:213,11,0,0
BRDA:213,11,1,0
BRDA:217,12,0,0
BRDA:217,12,1,0
BRDA:253,13,0,0
BRDA:253,13,1,0
BRDA:264,14,0,0
BRDA:264,14,1,0
BRDA:272,15,0,0
BRDA:272,15,1,0
BRF:31
BRH:1
end_of_record
TN:
SF:src/services/makeService.js
FN:5,(anonymous_0)
FN:12,(anonymous_1)
FN:68,(anonymous_2)
FN:126,(anonymous_3)
FN:186,(anonymous_4)
FN:247,(anonymous_5)
FN:299,(anonymous_6)
FN:344,(anonymous_7)
FNF:8
FNH:2
FNDA:1,(anonymous_0)
FNDA:0,(anonymous_1)
FNDA:0,(anonymous_2)
FNDA:0,(anonymous_3)
FNDA:0,(anonymous_4)
FNDA:0,(anonymous_5)
FNDA:0,(anonymous_6)
FNDA:1,(anonymous_7)
DA:6,1
DA:13,0
DA:14,0
DA:15,0
DA:16,0
DA:19,0
DA:34,0
DA:43,0
DA:44,0
DA:47,0
DA:48,0
DA:50,0
DA:56,0
DA:57,0
DA:69,0
DA:70,0
DA:71,0
DA:72,0
DA:75,0
DA:92,0
DA:101,0
DA:102,0
DA:105,0
DA:106,0
DA:108,0
DA:114,0
DA:115,0
DA:127,0
DA:128,0
DA:129,0
DA:130,0
DA:133,0
DA:152,0
DA:161,0
DA:162,0
DA:165,0
DA:166,0
DA:168,0
DA:174,0
DA:175,0
DA:187,0
DA:189,0
DA:191,0
DA:192,0
DA:193,0
DA:196,0
DA:213,0
DA:222,0
DA:223,0
DA:226,0
DA:227,0
DA:229,0
DA:235,0
DA:236,0
DA:248,0
DA:249,0
DA:251,0
DA:252,0
DA:253,0
DA:256,0
DA:265,0
DA:274,0
DA:275,0
DA:278,0
DA:279,0
DA:281,0
DA:287,0
DA:288,0
DA:300,0
DA:301,0
DA:303,0
DA:304,0
DA:307,0
DA:314,0
DA:323,0
DA:331,0
DA:332,0
DA:345,1
LF:78
LH:2
BRDA:14,0,0,0
BRDA:14,0,1,0
BRDA:27,1,0,0
BRDA:27,1,1,0
BRDA:28,2,0,0
BRDA:28,2,1,0
BRDA:29,3,0,0
BRDA:29,3,1,0
BRDA:30,4,0,0
BRDA:30,4,1,0
BRDA:43,5,0,0
BRDA:43,5,1,0
BRDA:70,6,0,0
BRDA:70,6,1,0
BRDA:101,7,0,0
BRDA:101,7,1,0
BRDA:128,8,0,0
BRDA:128,8,1,0
BRDA:147,9,0,0
BRDA:147,9,1,0
BRDA:148,10,0,0
BRDA:148,10,1,0
BRDA:161,11,0,0
BRDA:161,11,1,0
BRDA:189,12,0,0
BRDA:189,12,1,0
BRDA:191,13,0,0
BRDA:191,13,1,0
BRDA:203,14,0,0
BRDA:203,14,1,0
BRDA:205,15,0,0
BRDA:205,15,1,0
BRDA:206,16,0,0
BRDA:206,16,1,0
BRDA:207,17,0,0
BRDA:207,17,1,0
BRDA:208,18,0,0
BRDA:208,18,1,0
BRDA:209,19,0,0
BRDA:209,19,1,0
BRDA:222,20,0,0
BRDA:222,20,1,0
BRDA:251,21,0,0
BRDA:251,21,1,0
BRDA:274,22,0,0
BRDA:274,22,1,0
BRDA:303,23,0,0
BRDA:303,23,1,0
BRF:48
BRH:0
end_of_record
TN:
SF:src/services/progressService.js
FN:6,(anonymous_0)
FN:49,(anonymous_1)
FN:92,(anonymous_2)
FN:97,(anonymous_3)
FN:98,(anonymous_4)
FN:101,(anonymous_5)
FN:102,(anonymous_6)
FN:109,(anonymous_7)
FN:111,(anonymous_8)
FN:112,(anonymous_9)
FN:122,(anonymous_10)
FN:130,(anonymous_11)
FN:135,(anonymous_12)
FN:156,(anonymous_13)
FN:178,(anonymous_14)
FN:197,(anonymous_15)
FN:212,(anonymous_16)
FN:253,(anonymous_17)
FN:288,(anonymous_18)
FN:320,(anonymous_19)
FN:331,(anonymous_20)
FN:356,(anonymous_21)
FN:357,(anonymous_22)
FN:368,(anonymous_23)
FN:382,(anonymous_24)
FNF:25
FNH:1
FNDA:1,(anonymous_0)
FNDA:0,(anonymous_1)
FNDA:0,(anonymous_2)
FNDA:0,(anonymous_3)
FNDA:0,(anonymous_4)
FNDA:0,(anonymous_5)
FNDA:0,(anonymous_6)
FNDA:0,(anonymous_7)
FNDA:0,(anonymous_8)
FNDA:0,(anonymous_9)
FNDA:0,(anonymous_10)
FNDA:0,(anonymous_11)
FNDA:0,(anonymous_12)
FNDA:0,(anonymous_13)
FNDA:0,(anonymous_14)
FNDA:0,(anonymous_15)
FNDA:0,(anonymous_16)
FNDA:0,(anonymous_17)
FNDA:0,(anonymous_18)
FNDA:0,(anonymous_19)
FNDA:0,(anonymous_20)
FNDA:0,(anonymous_21)
FNDA:0,(anonymous_22)
FNDA:0,(anonymous_23)
FNDA:0,(anonymous_24)
DA:7,1
DA:50,0
DA:51,0
DA:54,0
DA:55,0
DA:56,0
DA:60,0
DA:63,0
DA:66,0
DA:69,0
DA:70,0
DA:73,0
DA:81,0
DA:82,0
DA:93,0
DA:94,0
DA:97,0
DA:98,0
DA:101,0
DA:102,0
DA:103,0
DA:105,0
DA:109,0
DA:111,0
DA:112,0
DA:117,0
DA:118,0
DA:122,0
DA:131,0
DA:133,0
DA:135,0
DA:136,0
DA:140,0
DA:141,0
DA:145,0
DA:146,0
DA:150,0
DA:157,0
DA:159,0
DA:162,0
DA:165,0
DA:168,0
DA:171,0
DA:179,0
DA:180,0
DA:183,0
DA:184,0
DA:193,0
DA:197,0
DA:201,0
DA:204,0
DA:205,0
DA:213,0
DA:214,0
DA:215,0
DA:218,0
DA:229,0
DA:233,0
DA:234,0
DA:242,0
DA:246,0
DA:254,0
DA:282,0
DA:289,0
DA:290,0
DA:291,0
DA:293,0
DA:302,0
DA:309,0
DA:310,0
DA:321,0
DA:322,0
DA:323,0
DA:324,0
DA:325,0
DA:332,0
DA:334,0
DA:335,0
DA:338,0
DA:339,0
DA:342,0
DA:343,0
DA:346,0
DA:347,0
DA:350,0
DA:357,0
DA:358,0
DA:369,0
DA:370,0
DA:371,0
DA:373,0
DA:383,0
DA:386,0
DA:389,0
DA:390,0
DA:391,0
DA:392,0
DA:393,0
DA:396,0
DA:397,0
DA:400,0
LF:101
LH:1
BRDA:49,0,0,0
BRDA:55,1,0,0
BRDA:55,1,1,0
BRDA:69,2,0,0
BRDA:69,2,1,0
BRDA:98,3,0,0
BRDA:98,3,1,0
BRDA:135,4,0,0
BRDA:135,4,1,0
BRDA:135,5,0,0
BRDA:135,5,1,0
BRDA:140,6,0,0
BRDA:140,6,1,0
BRDA:145,7,0,0
BRDA:145,7,1,0
BRDA:157,8,0,0
BRDA:157,8,1,0
BRDA:157,8,2,0
BRDA:157,8,3,0
BRDA:157,8,4,0
BRDA:159,9,0,0
BRDA:159,9,1,0
BRDA:162,10,0,0
BRDA:162,10,1,0
BRDA:165,11,0,0
BRDA:165,11,1,0
BRDA:168,12,0,0
BRDA:168,12,1,0
BRDA:233,13,0,0
BRDA:233,13,1,0
BRDA:282,14,0,0
BRDA:282,14,1,0
BRDA:321,15,0,0
BRDA:321,15,1,0
BRDA:322,16,0,0
BRDA:322,16,1,0
BRDA:323,17,0,0
BRDA:323,17,1,0
BRDA:324,18,0,0
BRDA:324,18,1,0
BRDA:334,19,0,0
BRDA:334,19,1,0
BRDA:338,20,0,0
BRDA:338,20,1,0
BRDA:338,21,0,0
BRDA:338,21,1,0
BRDA:342,22,0,0
BRDA:342,22,1,0
BRDA:342,23,0,0
BRDA:342,23,1,0
BRDA:346,24,0,0
BRDA:346,24,1,0
BRDA:358,25,0,0
BRDA:358,25,1,0
BRDA:389,26,0,0
BRDA:389,26,1,0
BRDA:391,27,0,0
BRDA:391,27,1,0
BRDA:392,28,0,0
BRDA:392,28,1,0
BRDA:393,29,0,0
BRDA:393,29,1,0
BRDA:396,30,0,0
BRDA:396,30,1,0
BRF:64
BRH:0
end_of_record
TN:
SF:src/utils/logger.js
FN:7,(anonymous_0)
FNF:1
FNH:1
FNDA:5,(anonymous_0)
DA:4,1
DA:7,1
DA:8,5
DA:12,1
DA:39,1
DA:43,1
LF:6
LH:6
BRDA:8,0,0,5
BRDA:8,0,1,5
BRF:2
BRH:2
end_of_record
